
	a.ppm... DONE! (28 nodes)... WRITTEN!
	aa.ppm... DONE! (6 nodes)... WRITTEN!
	ab.ppm... DONE! (29 nodes)... WRITTEN!
	ac.ppm... DONE! (7 nodes)... WRITTEN!
	ad.ppm... DONE! (22 nodes)... WRITTEN!
	ae.ppm... DONE! (11 nodes)... WRITTEN!
	af.ppm... DONE! (15 nodes)... WRITTEN!
	ag.ppm... DONE! (19 nodes)... WRITTEN!
	ah.ppm... DONE! (12 nodes)... WRITTEN!
	ai.ppm... DONE! (15 nodes)... WRITTEN!
	aj.ppm... DONE! (13 nodes)... WRITTEN!
	b.ppm... DONE! (41 nodes)... WRITTEN!
	ba.ppm... DONE! (23 nodes)... WRITTEN!
	bb.ppm... DONE! (12 nodes)... WRITTEN!
	bc.ppm... DONE! (18 nodes)... WRITTEN!
	bd.ppm... DONE! (29 nodes)... WRITTEN!
	be.ppm... DONE! (5 nodes)... WRITTEN!
	bf.ppm... DONE! (10 nodes)... WRITTEN!
	bg.ppm... DONE! (27 nodes)... WRITTEN!
	bh.ppm... DONE! (10 nodes)... WRITTEN!
	bi.ppm... DONE! (6 nodes)... WRITTEN!
	bj.ppm... DONE! (5 nodes)... WRITTEN!
	c.ppm... DONE! (8 nodes)... WRITTEN!
	ca.ppm... DONE! (28 nodes)... WRITTEN!
	cb.ppm... DONE! (26 nodes)... WRITTEN!
	cc.ppm... DONE! (17 nodes)... WRITTEN!
	cd.ppm... DONE! (9 nodes)... WRITTEN!
	ce.ppm... DONE! (5 nodes)... WRITTEN!
	cf.ppm... DONE! (13 nodes)... WRITTEN!
	cg.ppm... DONE! (11 nodes)... WRITTEN!
	ch.ppm... DONE! (4 nodes)... WRITTEN!
	ci.ppm... DONE! (10 nodes)... WRITTEN!
	cj.ppm... DONE! (16 nodes)... WRITTEN!
	d.ppm... DONE! (18 nodes)... WRITTEN!
	da.ppm... DONE! (5 nodes)... WRITTEN!
	db.ppm... DONE! (6 nodes)... WRITTEN!
	dc.ppm... DONE! (14 nodes)... WRITTEN!
	dd.ppm... DONE! (7 nodes)... WRITTEN!
	de.ppm... DONE! (9 nodes)... WRITTEN!
	df.ppm... DONE! (16 nodes)... WRITTEN!
	dg.ppm... DONE! (4 nodes)... WRITTEN!
	dh.ppm... DONE! (10 nodes)... WRITTEN!
	di.ppm... DONE! (5 nodes)... WRITTEN!
	dj.ppm... DONE! (13 nodes)... WRITTEN!
	e.ppm... DONE! (17 nodes)... WRITTEN!
	ea.ppm... DONE! (7 nodes)... WRITTEN!
	eb.ppm... DONE! (6 nodes)... WRITTEN!
	ec.ppm... DONE! (9 nodes)... WRITTEN!
	ed.ppm... DONE! (8 nodes)... WRITTEN!
	ee.ppm... DONE! (12 nodes)... WRITTEN!
	ef.ppm... DONE! (7 nodes)... WRITTEN!
	eg.ppm... DONE! (11 nodes)... WRITTEN!
	eh.ppm... DONE! (20 nodes)... WRITTEN!
	ei.ppm... DONE! (12 nodes)... WRITTEN!
	ej.ppm... DONE! (10 nodes)... WRITTEN!
	f.ppm... DONE! (38 nodes)... WRITTEN!
	fj.ppm... DONE! (7 nodes)... WRITTEN!
	g.ppm... DONE! (27 nodes)... WRITTEN!
	h.ppm... DONE! (6 nodes)... WRITTEN!
	i.ppm... DONE! (94 nodes)... WRITTEN!
	a.ppm... DONE! (28 nodes)... WRITTEN!
	aa.ppm... DONE! (6 nodes)... WRITTEN!
	ab.ppm... DONE! (29 nodes)... WRITTEN!
	ac.ppm... DONE! (7 nodes)... WRITTEN!
	ad.ppm... DONE! (22 nodes)... WRITTEN!
	ae.ppm... DONE! (11 nodes)... WRITTEN!
	af.ppm... DONE! (15 nodes)... WRITTEN!
	ag.ppm... DONE! (19 nodes)... WRITTEN!
	ah.ppm... DONE! (12 nodes)... WRITTEN!
	ai.ppm... DONE! (15 nodes)... WRITTEN!
	aj.ppm... DONE! (13 nodes)... WRITTEN!
	b.ppm... DONE! (41 nodes)... WRITTEN!
	ba.ppm... DONE! (23 nodes)... WRITTEN!
	bb.ppm... DONE! (12 nodes)... WRITTEN!
	bc.ppm... DONE! (18 nodes)... WRITTEN!
	bd.ppm... DONE! (29 nodes)... WRITTEN!
	be.ppm... DONE! (5 nodes)... WRITTEN!
	bf.ppm... DONE! (10 nodes)... WRITTEN!
	bg.ppm... DONE! (27 nodes)... WRITTEN!
	bh.ppm... DONE! (10 nodes)... WRITTEN!
	bi.ppm... DONE! (6 nodes)... WRITTEN!
	bj.ppm... DONE! (5 nodes)... WRITTEN!
	c.ppm... DONE! (8 nodes)... WRITTEN!
	ca.ppm... DONE! (28 nodes)... WRITTEN!
	cb.ppm... DONE! (26 nodes)... WRITTEN!
	cc.ppm... DONE! (17 nodes)... WRITTEN!
	cd.ppm... DONE! (9 nodes)... WRITTEN!
	ce.ppm... DONE! (5 nodes)... WRITTEN!
	cf.ppm... DONE! (13 nodes)... WRITTEN!
	cg.ppm... DONE! (11 nodes)... WRITTEN!
	ch.ppm... DONE! (4 nodes)... WRITTEN!
	ci.ppm... DONE! (10 nodes)... WRITTEN!
	cj.ppm... DONE! (16 nodes)... WRITTEN!
	d.ppm... DONE! (18 nodes)... WRITTEN!
	da.ppm... DONE! (5 nodes)... WRITTEN!
	db.ppm... DONE! (6 nodes)... WRITTEN!
	dc.ppm... DONE! (14 nodes)... WRITTEN!
	dd.ppm... DONE! (7 nodes)... WRITTEN!
	de.ppm... DONE! (9 nodes)... WRITTEN!
	df.ppm... DONE! (16 nodes)... WRITTEN!
	dg.ppm... DONE! (4 nodes)... WRITTEN!
	dh.ppm... DONE! (10 nodes)... WRITTEN!
	di.ppm... DONE! (5 nodes)... WRITTEN!
	dj.ppm... DONE! (13 nodes)... WRITTEN!
	e.ppm... DONE! (17 nodes)... WRITTEN!
	ea.ppm... DONE! (7 nodes)... WRITTEN!
	eb.ppm... DONE! (6 nodes)... WRITTEN!
	ec.ppm... DONE! (9 nodes)... WRITTEN!
	ed.ppm... DONE! (8 nodes)... WRITTEN!
	ee.ppm... DONE! (12 nodes)... WRITTEN!
	ef.ppm... DONE! (7 nodes)... WRITTEN!
	eg.ppm... DONE! (11 nodes)... WRITTEN!
	eh.ppm... DONE! (20 nodes)... WRITTEN!
	ei.ppm... DONE! (12 nodes)... WRITTEN!
	ej.ppm... DONE! (10 nodes)... WRITTEN!
	f.ppm... DONE! (38 nodes)... WRITTEN!
	fj.ppm... DONE! (7 nodes)... WRITTEN!
	g.ppm... DONE! (27 nodes)... WRITTEN!
	h.ppm... DONE! (6 nodes)... WRITTEN!
	i.ppm... DONE! (94 nodes)... WRITTEN!